c:\users\mleon\onedrive\escritorio\proyecto carwash\lpoocarwash\lpoocarwashmodel\x64\debug\vc143.pdb
c:\users\mleon\onedrive\escritorio\proyecto carwash\lpoocarwash\lpoocarwashmodel\x64\debug\tipopersonal.obj
c:\users\mleon\onedrive\escritorio\proyecto carwash\lpoocarwash\lpoocarwashmodel\x64\debug\tiendaalmacen.obj
c:\users\mleon\onedrive\escritorio\proyecto carwash\lpoocarwash\lpoocarwashmodel\x64\debug\tarifario.obj
c:\users\mleon\onedrive\escritorio\proyecto carwash\lpoocarwash\lpoocarwashmodel\x64\debug\sucursal.obj
c:\users\mleon\onedrive\escritorio\proyecto carwash\lpoocarwash\lpoocarwashmodel\x64\debug\servicio.obj
c:\users\mleon\onedrive\escritorio\proyecto carwash\lpoocarwash\lpoocarwashmodel\x64\debug\reclamo.obj
c:\users\mleon\onedrive\escritorio\proyecto carwash\lpoocarwash\lpoocarwashmodel\x64\debug\proveedor.obj
c:\users\mleon\onedrive\escritorio\proyecto carwash\lpoocarwash\lpoocarwashmodel\x64\debug\promociones.obj
c:\users\mleon\onedrive\escritorio\proyecto carwash\lpoocarwash\lpoocarwashmodel\x64\debug\producto.obj
c:\users\mleon\onedrive\escritorio\proyecto carwash\lpoocarwash\lpoocarwashmodel\x64\debug\personal.obj
c:\users\mleon\onedrive\escritorio\proyecto carwash\lpoocarwash\lpoocarwashmodel\x64\debug\mediopago.obj
c:\users\mleon\onedrive\escritorio\proyecto carwash\lpoocarwash\lpoocarwashmodel\x64\debug\materiallimpieza.obj
c:\users\mleon\onedrive\escritorio\proyecto carwash\lpoocarwash\lpoocarwashmodel\x64\debug\lavado.obj
c:\users\mleon\onedrive\escritorio\proyecto carwash\lpoocarwash\lpoocarwashmodel\x64\debug\inventario.obj
c:\users\mleon\onedrive\escritorio\proyecto carwash\lpoocarwash\lpoocarwashmodel\x64\debug\incidente.obj
c:\users\mleon\onedrive\escritorio\proyecto carwash\lpoocarwash\lpoocarwashmodel\x64\debug\horariosucursal.obj
c:\users\mleon\onedrive\escritorio\proyecto carwash\lpoocarwash\lpoocarwashmodel\x64\debug\horario.obj
c:\users\mleon\onedrive\escritorio\proyecto carwash\lpoocarwash\lpoocarwashmodel\x64\debug\gerente.obj
c:\users\mleon\onedrive\escritorio\proyecto carwash\lpoocarwash\lpoocarwashmodel\x64\debug\cliente.obj
c:\users\mleon\onedrive\escritorio\proyecto carwash\lpoocarwash\lpoocarwashmodel\x64\debug\almacen.obj
c:\users\mleon\onedrive\escritorio\proyecto carwash\lpoocarwash\lpoocarwashmodel\x64\debug\.netframework,version=v4.7.2.assemblyattributes.obj
c:\users\mleon\onedrive\escritorio\proyecto carwash\lpoocarwash\lpoocarwashmodel\x64\debug\zonalavado.obj
c:\users\mleon\onedrive\escritorio\proyecto carwash\lpoocarwash\lpoocarwashmodel\x64\debug\vehiculo.obj
c:\users\mleon\onedrive\escritorio\proyecto carwash\lpoocarwash\lpoocarwashmodel\x64\debug\tiposervicio.obj
c:\users\mleon\onedrive\escritorio\proyecto carwash\lpoocarwash\lpoocarwashmodel\x64\debug\tipoproducto.obj
c:\users\mleon\onedrive\escritorio\proyecto carwash\lpoocarwash\x64\debug\lpoocarwashmodel.dll
c:\users\mleon\onedrive\escritorio\proyecto carwash\lpoocarwash\x64\debug\lpoocarwashmodel.pdb
c:\users\mleon\onedrive\escritorio\proyecto carwash\lpoocarwash\lpoocarwashmodel\x64\debug\lpoocarwashmodel.tlog\cl.command.1.tlog
c:\users\mleon\onedrive\escritorio\proyecto carwash\lpoocarwash\lpoocarwashmodel\x64\debug\lpoocarwashmodel.tlog\cl.read.1.tlog
c:\users\mleon\onedrive\escritorio\proyecto carwash\lpoocarwash\lpoocarwashmodel\x64\debug\lpoocarwashmodel.tlog\cl.write.1.tlog
c:\users\mleon\onedrive\escritorio\proyecto carwash\lpoocarwash\lpoocarwashmodel\x64\debug\lpoocarwashmodel.tlog\link.command.1.tlog
c:\users\mleon\onedrive\escritorio\proyecto carwash\lpoocarwash\lpoocarwashmodel\x64\debug\lpoocarwashmodel.tlog\link.read.1.tlog
c:\users\mleon\onedrive\escritorio\proyecto carwash\lpoocarwash\lpoocarwashmodel\x64\debug\lpoocarwashmodel.tlog\link.write.1.tlog
c:\users\mleon\onedrive\escritorio\proyecto carwash\lpoocarwash\lpoocarwashmodel\x64\debug\lpoocarwashmodel.tlog\metagen.read.1.tlog
c:\users\mleon\onedrive\escritorio\proyecto carwash\lpoocarwash\lpoocarwashmodel\x64\debug\lpoocarwashmodel.tlog\metagen.write.1.tlog
